Removed Pin From Net: NetName=GND Pin=U16-3
Removed Pin From Net: NetName=NetD5_3 Pin=U16-4
Removed Pin From Net: NetName=NetD4_3 Pin=U16-5
Removed Pin From Net: NetName=VCC Pin=U16-6
Removed Pin From Net: NetName=VCC Pin=U16-7
Removed Pin From Net: NetName=NetD3_3 Pin=U16-8
Removed Pin From Net: NetName=NetR112_1 Pin=U16-9
Removed Pin From Net: NetName=NetU2_40 Pin=U16-25
Removed Pin From Net: NetName=NetU2_39 Pin=U16-26
Added Component: Designator=U14(QFN-28)
Added Pin To Net: NetName=GND Pin=U14-3
Added Pin To Net: NetName=NetD5_3 Pin=U14-4
Added Pin To Net: NetName=NetD4_3 Pin=U14-5
Added Pin To Net: NetName=VCC Pin=U14-6
Added Pin To Net: NetName=VCC Pin=U14-7
Added Pin To Net: NetName=NetD3_3 Pin=U14-8
Added Pin To Net: NetName=NetR112_1 Pin=U14-9
Added Pin To Net: NetName=NetU2_40 Pin=U14-25
Added Pin To Net: NetName=NetU2_39 Pin=U14-26
Added Pin To Net: NetName=GND Pin=U14-29
