Change Component Footprint: Designator=JP4 Old Footprint=R0805 New Footprint=0805
Change Component Comment : Designator=U3 Old Comment= New Comment=SN65HVD230DR
Change Component Comment : Designator=D1 Old Comment=3A 600V SMC New Comment=DIODE ULTRA FAST 3A 600V SMC
Change Component Comment : Designator=Y1 Old Comment=12.288MHz New Comment=8.192MHz
Change Component Comment : Designator=J13 Old Comment=787834-2 New Comment=KUSBVX-BS1N-B
Change Component Comment : Designator=J14 Old Comment=CPM5.08/6VE New Comment=Phoenix Contact 1755778
Change Component Comment : Designator=U13 Old Comment=I#S/SN74AHC1G125DBVT New Comment=SN74AHC1G125DBVR
Change Component Comment : Designator=U5 Old Comment=IS/CS4344CZZZ New Comment=CS4344-CZZ
Change Component Comment : Designator=U11 Old Comment=IS/LM2676SADJN New Comment=LM2676S-ADJ/NOPB
Change Component Comment : Designator=U6 Old Comment=IS/LM2676SADJN New Comment=LM2676S-ADJ/NOPB
Change Component Comment : Designator=DS48 Old Comment=LM1-PPG1-03-N1 New Comment=LM1-PPG1-01-N1
Change Component Comment : Designator=DS47 Old Comment=LM1-PPG1-03-N1 New Comment=LM1-PPG1-01-N1
Change Component Comment : Designator=DS44 Old Comment=LM1-PPG1-03-N1 New Comment=LM1-PPG1-01-N1
Change Component Comment : Designator=DS43 Old Comment=LM1-PPG1-03-N1 New Comment=LM1-PPG1-01-N1
Change Component Comment : Designator=DS40 Old Comment=LM1-PPG1-03-N1 New Comment=LM1-PPG1-01-N1
Change Component Comment : Designator=DS39 Old Comment=LM1-PPG1-03-N1 New Comment=LM1-PPG1-01-N1
Change Component Comment : Designator=DS36 Old Comment=LM1-PPG1-03-N1 New Comment=LM1-PPG1-01-N1
Change Component Comment : Designator=DS35 Old Comment=LM1-PPG1-03-N1 New Comment=LM1-PPG1-01-N1
Change Component Comment : Designator=DS32 Old Comment=LM1-PPG1-03-N1 New Comment=LM1-PPG1-01-N1
Change Component Comment : Designator=DS31 Old Comment=LM1-PPG1-03-N1 New Comment=LM1-PPG1-01-N1
Change Component Comment : Designator=DS28 Old Comment=LM1-PPG1-03-N1 New Comment=LM1-PPG1-01-N1
Change Component Comment : Designator=DS27 Old Comment=LM1-PPG1-03-N1 New Comment=LM1-PPG1-01-N1
Change Component Comment : Designator=DS24 Old Comment=LM1-PPG1-03-N1 New Comment=LM1-PPG1-01-N1
Change Component Comment : Designator=DS23 Old Comment=LM1-PPG1-03-N1 New Comment=LM1-PPG1-01-N1
Change Component Comment : Designator=DS20 Old Comment=LM1-PPG1-03-N1 New Comment=LM1-PPG1-01-N1
Change Component Comment : Designator=DS19 Old Comment=LM1-PPG1-03-N1 New Comment=LM1-PPG1-01-N1
Change Component Comment : Designator=DS16 Old Comment=LM1-PPG1-03-N1 New Comment=LM1-PPG1-01-N1
Change Component Comment : Designator=DS15 Old Comment=LM1-PPG1-03-N1 New Comment=LM1-PPG1-01-N1
Change Component Comment : Designator=DS12 Old Comment=LM1-PPG1-03-N1 New Comment=LM1-PPG1-01-N1
Change Component Comment : Designator=DS11 Old Comment=LM1-PPG1-03-N1 New Comment=LM1-PPG1-01-N1
Change Component Comment : Designator=DS8 Old Comment=LM1-PPG1-03-N1 New Comment=LM1-PPG1-01-N1
Change Component Comment : Designator=DS7 Old Comment=LM1-PPG1-03-N1 New Comment=LM1-PPG1-01-N1
Change Component Comment : Designator=DS4 Old Comment=LM1-PPG1-03-N1 New Comment=LM1-PPG1-01-N1
Change Component Comment : Designator=DS3 Old Comment=LM1-PPG1-03-N1 New Comment=LM1-PPG1-01-N1
Change Component Comment : Designator=Q2 Old Comment=Q#S/FDS8884F New Comment=FDS8884
Change Component Comment : Designator=Q1 Old Comment=Q#S/FDS8884F New Comment=FDS8884
Change Component Comment : Designator=DS49 Old Comment=RED T1-3/4 New Comment=RED LED T1-3/4
Change Component Comment : Designator=JP4 Old Comment=RS/ERJ6ENF0R00VP New Comment=0 Ohm Config
Change Component Comment : Designator=JP3 Old Comment=RS/ERJ6ENF0R00VP New Comment=0 Ohm Config
Change Component Comment : Designator=JP2 Old Comment=RS/ERJ6ENF0R00VP New Comment=0 Ohm Config
Change Component Comment : Designator=JP1 Old Comment=RS/ERJ6ENF0R00VP New Comment=0 Ohm Config
Change Component Comment : Designator=R17 Old Comment=RS/ERJ6ENF1001VP New Comment=1.0k 1%
Change Component Comment : Designator=R7 Old Comment=RS/ERJ6ENF1001VP New Comment=1.0k 1%
Change Component Comment : Designator=R130 Old Comment=RS/ERJ6ENF1002VP New Comment=10.0k 1%
Change Component Comment : Designator=R112 Old Comment=RS/ERJ6ENF1002VP New Comment=10.0k 1%
Change Component Comment : Designator=R40 Old Comment=RS/ERJ6ENF1002VP New Comment=10.0k 1%
Change Component Comment : Designator=R28 Old Comment=RS/ERJ6ENF1002VP New Comment=10.0k 1%
Change Component Comment : Designator=R20 Old Comment=RS/ERJ6ENF1002VP New Comment=10.0k 1%
Change Component Comment : Designator=R11 Old Comment=RS/ERJ6ENF1002VP New Comment=10.0k 1%
Change Component Comment : Designator=R4 Old Comment=RS/ERJ6ENF1002VP New Comment=10.0k 1%
Change Component Comment : Designator=R30 Old Comment=RS/ERJ6ENF1003VP New Comment=100K 1%
Change Component Comment : Designator=R27 Old Comment=RS/ERJ6ENF1003VP New Comment=100K 1%
Change Component Comment : Designator=R26 Old Comment=RS/ERJ6ENF1003VP New Comment=100K 1%
Change Component Comment : Designator=R23 Old Comment=RS/ERJ6ENF1003VP New Comment=100K 1%
Change Component Comment : Designator=R21 Old Comment=RS/ERJ6ENF1003VP New Comment=100K 1%
Change Component Comment : Designator=R19 Old Comment=RS/ERJ6ENF1003VP New Comment=100K 1%
Change Component Comment : Designator=R14 Old Comment=RS/ERJ6ENF1003VP New Comment=100K 1%
Change Component Comment : Designator=R10 Old Comment=RS/ERJ6ENF1003VP New Comment=100K 1%
Change Component Comment : Designator=R6 Old Comment=RS/ERJ6ENF1003VP New Comment=100K 1%
Change Component Comment : Designator=R3 Old Comment=RS/ERJ6ENF1003VP New Comment=100K 1%
Change Component Comment : Designator=R2 Old Comment=RS/ERJ6ENF1003VP New Comment=100K 1%
Change Component Comment : Designator=R1 Old Comment=RS/ERJ6ENF1003VP New Comment=100K 1%
Change Component Comment : Designator=R18 Old Comment=RS/ERJ6ENF1651VP New Comment=1.65K 1%
Change Component Comment : Designator=R129 Old Comment=RS/ERJ6ENF2002VP New Comment=20.0k 1%
Change Component Comment : Designator=R16 Old Comment=RS/ERJ6ENF2002VP New Comment=20.0k 1%
Change Component Comment : Designator=R25 Old Comment=RS/ERJ6ENF2491VP New Comment=2.49k 1%
Change Component Comment : Designator=R128 Old Comment=RS/ERJ6ENF3161VP New Comment=3.16K 1%
Change Component Comment : Designator=R9 Old Comment=RS/ERJ6ENF3161VP New Comment=3.16K 1%
Change Component Comment : Designator=R13 Old Comment=RS/ERJ6ENF3321VP New Comment=3.32k 1%
Change Component Comment : Designator=R15 Old Comment=RS/ERJ6ENF4752VP New Comment=47.5k 1%
Change Component Comment : Designator=R12 Old Comment=RS/ERJ6ENF4990VP New Comment=499 1%
Change Component Comment : Designator=R24 Old Comment=RS/ERJ6ENF7501VP New Comment=7.50k 1%
Change Component Comment : Designator=R29 Old Comment=RS/ERJ6GEYJ0R00VP New Comment=0
Change Component Comment : Designator=R22 Old Comment=RS/ERJ6GEYJ0R00VP New Comment=0
Change Component Comment : Designator=R8 Old Comment=RS/ERJ6GEYJ0R00VP New Comment=0
Change Component Comment : Designator=R99 Old Comment=RS/ERJ8ENF15R0VP New Comment=15.0 OHM 1%
Change Component Comment : Designator=R98 Old Comment=RS/ERJ8ENF15R0VP New Comment=15.0 OHM 1%
Change Component Comment : Designator=R97 Old Comment=RS/ERJ8ENF15R0VP New Comment=15.0 OHM 1%
Change Component Comment : Designator=R96 Old Comment=RS/ERJ8ENF15R0VP New Comment=15.0 OHM 1%
Change Component Comment : Designator=R95 Old Comment=RS/ERJ8ENF15R0VP New Comment=15.0 OHM 1%
Change Component Comment : Designator=R94 Old Comment=RS/ERJ8ENF15R0VP New Comment=15.0 OHM 1%
Change Component Comment : Designator=R93 Old Comment=RS/ERJ8ENF15R0VP New Comment=15.0 OHM 1%
Change Component Comment : Designator=R92 Old Comment=RS/ERJ8ENF15R0VP New Comment=15.0 OHM 1%
Change Component Comment : Designator=R91 Old Comment=RS/ERJ8ENF15R0VP New Comment=15.0 OHM 1%
Change Component Comment : Designator=R90 Old Comment=RS/ERJ8ENF15R0VP New Comment=15.0 OHM 1%
Change Component Comment : Designator=R89 Old Comment=RS/ERJ8ENF15R0VP New Comment=15.0 OHM 1%
Change Component Comment : Designator=R88 Old Comment=RS/ERJ8ENF15R0VP New Comment=15.0 OHM 1%
Change Component Comment : Designator=R57 Old Comment=RS/ERJ8ENF15R0VP New Comment=15.0 OHM 1%
Change Component Comment : Designator=R56 Old Comment=RS/ERJ8ENF15R0VP New Comment=15.0 OHM 1%
Change Component Comment : Designator=R55 Old Comment=RS/ERJ8ENF15R0VP New Comment=15.0 OHM 1%
Change Component Comment : Designator=R54 Old Comment=RS/ERJ8ENF15R0VP New Comment=15.0 OHM 1%
Change Component Comment : Designator=R53 Old Comment=RS/ERJ8ENF15R0VP New Comment=15.0 OHM 1%
Change Component Comment : Designator=R52 Old Comment=RS/ERJ8ENF15R0VP New Comment=15.0 OHM 1%
Change Component Comment : Designator=R51 Old Comment=RS/ERJ8ENF15R0VP New Comment=15.0 OHM 1%
Change Component Comment : Designator=R50 Old Comment=RS/ERJ8ENF15R0VP New Comment=15.0 OHM 1%
Change Component Comment : Designator=R49 Old Comment=RS/ERJ8ENF15R0VP New Comment=15.0 OHM 1%
Change Component Comment : Designator=R48 Old Comment=RS/ERJ8ENF15R0VP New Comment=15.0 OHM 1%
Change Component Comment : Designator=R47 Old Comment=RS/ERJ8ENF15R0VP New Comment=15.0 OHM 1%
Change Component Comment : Designator=R46 Old Comment=RS/ERJ8ENF15R0VP New Comment=15.0 OHM 1%
Change Component Comment : Designator=R111 Old Comment=RS/ERJ8ENF32R4VP New Comment=32.4 OHM 1%
Change Component Comment : Designator=R110 Old Comment=RS/ERJ8ENF32R4VP New Comment=32.4 OHM 1%
Change Component Comment : Designator=R109 Old Comment=RS/ERJ8ENF32R4VP New Comment=32.4 OHM 1%
Change Component Comment : Designator=R108 Old Comment=RS/ERJ8ENF32R4VP New Comment=32.4 OHM 1%
Change Component Comment : Designator=R107 Old Comment=RS/ERJ8ENF32R4VP New Comment=32.4 OHM 1%
Change Component Comment : Designator=R106 Old Comment=RS/ERJ8ENF32R4VP New Comment=32.4 OHM 1%
Change Component Comment : Designator=R105 Old Comment=RS/ERJ8ENF32R4VP New Comment=32.4 OHM 1%
Change Component Comment : Designator=R104 Old Comment=RS/ERJ8ENF32R4VP New Comment=32.4 OHM 1%
Change Component Comment : Designator=R103 Old Comment=RS/ERJ8ENF32R4VP New Comment=32.4 OHM 1%
Change Component Comment : Designator=R102 Old Comment=RS/ERJ8ENF32R4VP New Comment=32.4 OHM 1%
Change Component Comment : Designator=R101 Old Comment=RS/ERJ8ENF32R4VP New Comment=32.4 OHM 1%
Change Component Comment : Designator=R100 Old Comment=RS/ERJ8ENF32R4VP New Comment=32.4 OHM 1%
Change Component Comment : Designator=R69 Old Comment=RS/ERJ8ENF32R4VP New Comment=32.4 OHM 1%
Change Component Comment : Designator=R68 Old Comment=RS/ERJ8ENF32R4VP New Comment=32.4 OHM 1%
Change Component Comment : Designator=R67 Old Comment=RS/ERJ8ENF32R4VP New Comment=32.4 OHM 1%
Change Component Comment : Designator=R66 Old Comment=RS/ERJ8ENF32R4VP New Comment=32.4 OHM 1%
Change Component Comment : Designator=R65 Old Comment=RS/ERJ8ENF32R4VP New Comment=32.4 OHM 1%
Change Component Comment : Designator=R64 Old Comment=RS/ERJ8ENF32R4VP New Comment=32.4 OHM 1%
Change Component Comment : Designator=R63 Old Comment=RS/ERJ8ENF32R4VP New Comment=32.4 OHM 1%
Change Component Comment : Designator=R62 Old Comment=RS/ERJ8ENF32R4VP New Comment=32.4 OHM 1%
Change Component Comment : Designator=R61 Old Comment=RS/ERJ8ENF32R4VP New Comment=32.4 OHM 1%
Change Component Comment : Designator=R60 Old Comment=RS/ERJ8ENF32R4VP New Comment=32.4 OHM 1%
Change Component Comment : Designator=R59 Old Comment=RS/ERJ8ENF32R4VP New Comment=32.4 OHM 1%
Change Component Comment : Designator=R58 Old Comment=RS/ERJ8ENF32R4VP New Comment=32.4 OHM 1%
Change Component Comment : Designator=R5 Old Comment=RS/ERJ8ENF1210VP New Comment=121 1%
Change Component Kind : Designator=M10 Old Kind=Standard New Kind=Standard (No BOM)
Change Component Kind : Designator=M9 Old Kind=Standard New Kind=Standard (No BOM)
Change Component Kind : Designator=M8 Old Kind=Standard New Kind=Standard (No BOM)
Change Component Kind : Designator=M7 Old Kind=Standard New Kind=Standard (No BOM)
Change Component Kind : Designator=M6 Old Kind=Standard New Kind=Standard (No BOM)
Change Component Kind : Designator=M5 Old Kind=Standard New Kind=Standard (No BOM)
Change Component Kind : Designator=M4 Old Kind=Standard New Kind=Standard (No BOM)
Change Component Kind : Designator=M3 Old Kind=Standard New Kind=Standard (No BOM)
Change Component Kind : Designator=M2 Old Kind=Standard New Kind=Standard (No BOM)
Change Component Kind : Designator=M1 Old Kind=Standard New Kind=Standard (No BOM)
Change Component Kind : Designator=FID8 Old Kind=Standard New Kind=Standard (No BOM)
Change Component Kind : Designator=FID7 Old Kind=Standard New Kind=Standard (No BOM)
Change Component Kind : Designator=FID6 Old Kind=Standard New Kind=Standard (No BOM)
Change Component Kind : Designator=FID5 Old Kind=Standard New Kind=Standard (No BOM)
Change Component Kind : Designator=FID4 Old Kind=Standard New Kind=Standard (No BOM)
Change Component Kind : Designator=FID3 Old Kind=Standard New Kind=Standard (No BOM)
Change Component Kind : Designator=FID2 Old Kind=Standard New Kind=Standard (No BOM)
Change Component Kind : Designator=FID1 Old Kind=Standard New Kind=Standard (No BOM)
Change Class Name : Old Net Name=ELC0100R3 New Net Name=Master-Slave
Added Room: Name=Master-Slave
