Removed Pin From Net: NetName=VCC Pin=C4-1
Removed Pin From Net: NetName=GND Pin=C4-2
Removed Pin From Net: NetName=GND Pin=C5-2
Removed Pin From Net: NetName=GND Pin=C6-2
Removed Pin From Net: NetName=GND Pin=C7-2
Removed Pin From Net: NetName=GND Pin=C9-2
Removed Pin From Net: NetName=GND Pin=C10-2
Removed Pin From Net: NetName=VCC Pin=C11-1
Removed Pin From Net: NetName=GND Pin=C11-2
Removed Pin From Net: NetName=GND Pin=C14-2
Removed Pin From Net: NetName=VCC Pin=C17-1
Removed Pin From Net: NetName=GND Pin=C17-2
Removed Pin From Net: NetName=GND Pin=C18-2
Removed Pin From Net: NetName=VCC Pin=C19-1
Removed Pin From Net: NetName=GND Pin=C19-2
Removed Pin From Net: NetName=GND Pin=C22-2
Removed Pin From Net: NetName=VCC Pin=C23-1
Removed Pin From Net: NetName=GND Pin=C23-2
Removed Pin From Net: NetName=GND Pin=C24-2
Removed Pin From Net: NetName=GND Pin=C28-2
Removed Pin From Net: NetName=GND Pin=C30-2
Removed Pin From Net: NetName=GND Pin=C31-2
Removed Pin From Net: NetName=GND Pin=C32-2
Removed Pin From Net: NetName=VCC Pin=C33-1
Removed Pin From Net: NetName=GND Pin=C33-2
Removed Pin From Net: NetName=GND Pin=C34-2
Removed Pin From Net: NetName=GND Pin=C37-2
Removed Pin From Net: NetName=GND Pin=D2-3
Removed Pin From Net: NetName=GND Pin=D7-3
Removed Pin From Net: NetName=GND Pin=DS49-2
Removed Pin From Net: NetName=GND Pin=DS50-2
Removed Pin From Net: NetName=GND Pin=J1-1
Removed Pin From Net: NetName=GND Pin=J5-1
Removed Pin From Net: NetName=GND Pin=J12-1
Removed Pin From Net: NetName=GND Pin=JP1-2
Removed Pin From Net: NetName=GND Pin=JP2-2
Removed Pin From Net: NetName=GND Pin=JP3-2
Removed Pin From Net: NetName=GND Pin=JP4-2
Removed Pin From Net: NetName=GND Pin=Q1-1
Removed Pin From Net: NetName=GND Pin=Q1-2
Removed Pin From Net: NetName=GND Pin=Q1-3
Removed Pin From Net: NetName=GND Pin=Q2-1
Removed Pin From Net: NetName=GND Pin=Q2-2
Removed Pin From Net: NetName=GND Pin=Q2-3
Removed Pin From Net: NetName=VCC Pin=R1-1
Removed Pin From Net: NetName=VCC Pin=R2-1
Removed Pin From Net: NetName=VCC Pin=R3-2
Removed Pin From Net: NetName=VCC Pin=R6-2
Removed Pin From Net: NetName=GND Pin=R7-1
Removed Pin From Net: NetName=VCC Pin=R10-2
Removed Pin From Net: NetName=GND Pin=R11-1
Removed Pin From Net: NetName=VCC Pin=R14-2
Removed Pin From Net: NetName=VCC Pin=R15-2
Removed Pin From Net: NetName=GND Pin=R17-1
Removed Pin From Net: NetName=VCC Pin=R19-2
Removed Pin From Net: NetName=VCC Pin=R21-2
Removed Pin From Net: NetName=VCC Pin=R23-2
Removed Pin From Net: NetName=GND Pin=R25-1
Removed Pin From Net: NetName=VCC Pin=R26-2
Removed Pin From Net: NetName=VCC Pin=R27-2
Removed Pin From Net: NetName=VCC Pin=R129-2
Removed Pin From Net: NetName=VCC Pin=U1-2
Removed Pin From Net: NetName=GND Pin=U1-10
Removed Pin From Net: NetName=NetJ14_5 Pin=U2-19
Removed Pin From Net: NetName=NetJ14_4 Pin=U2-20
Removed Pin From Net: NetName=NetR112_1 Pin=U2-75
Removed Pin From Net: NetName=GND Pin=U2-79
Removed Pin From Net: NetName=VCC Pin=U4-2
Removed Pin From Net: NetName=GND Pin=U4-10
Removed Pin From Net: NetName=NetR8_1 Pin=U5-4
Removed Pin From Net: NetName=GND Pin=U5-8
Removed Pin From Net: NetName=VCC Pin=U5-9
Removed Pin From Net: NetName=GND Pin=U6-4
Removed Pin From Net: NetName=GND Pin=U6-8
Removed Pin From Net: NetName=VCC Pin=U8-2
Removed Pin From Net: NetName=GND Pin=U8-10
Removed Pin From Net: NetName=VCC Pin=U9-2
Removed Pin From Net: NetName=GND Pin=U9-10
Removed Pin From Net: NetName=GND Pin=U10-7
Removed Pin From Net: NetName=GND Pin=U11-4
Removed Pin From Net: NetName=GND Pin=U11-8
Removed Member From Class: ClassName=ELC00xx Member=C4
Removed Member From Class: ClassName=ELC00xx Member=C5
Removed Member From Class: ClassName=ELC00xx Member=C5
Removed Member From Class: ClassName=ELC00xx Member=C6
Removed Member From Class: ClassName=ELC00xx Member=C7
Removed Member From Class: ClassName=ELC00xx Member=C7
Removed Member From Class: ClassName=ELC00xx Member=C9
Removed Member From Class: ClassName=ELC00xx Member=C9
Removed Member From Class: ClassName=ELC00xx Member=C10
Removed Member From Class: ClassName=ELC00xx Member=C11
Removed Member From Class: ClassName=ELC00xx Member=C12
Removed Member From Class: ClassName=ELC00xx Member=C14
Removed Member From Class: ClassName=ELC00xx Member=C14
Removed Member From Class: ClassName=ELC00xx Member=C15
Removed Member From Class: ClassName=ELC00xx Member=C17
Removed Member From Class: ClassName=ELC00xx Member=C18
Removed Member From Class: ClassName=ELC00xx Member=C18
Removed Member From Class: ClassName=ELC00xx Member=C19
Removed Member From Class: ClassName=ELC00xx Member=C19
Removed Member From Class: ClassName=ELC00xx Member=C22
Removed Member From Class: ClassName=ELC00xx Member=C22
Removed Member From Class: ClassName=ELC00xx Member=C23
Removed Member From Class: ClassName=ELC00xx Member=C24
Removed Member From Class: ClassName=ELC00xx Member=C25
Removed Member From Class: ClassName=ELC00xx Member=C26
Removed Member From Class: ClassName=ELC00xx Member=C28
Removed Member From Class: ClassName=ELC00xx Member=C30
Removed Member From Class: ClassName=ELC00xx Member=C31
Removed Member From Class: ClassName=ELC00xx Member=C32
Removed Member From Class: ClassName=ELC00xx Member=C32
Removed Member From Class: ClassName=ELC00xx Member=C33
Removed Member From Class: ClassName=ELC00xx Member=C34
Removed Member From Class: ClassName=ELC00xx Member=C37
Removed Member From Class: ClassName=ELC00xx Member=D1
Removed Member From Class: ClassName=ELC00xx Member=D2
Removed Member From Class: ClassName=ELC00xx Member=D2
Removed Member From Class: ClassName=ELC00xx Member=D7
Removed Member From Class: ClassName=ELC00xx Member=D7
Removed Member From Class: ClassName=ELC00xx Member=DS1
Removed Member From Class: ClassName=ELC00xx Member=DS2
Removed Member From Class: ClassName=ELC00xx Member=DS3
Removed Member From Class: ClassName=ELC00xx Member=DS4
Removed Member From Class: ClassName=ELC00xx Member=DS5
Removed Member From Class: ClassName=ELC00xx Member=DS6
Removed Member From Class: ClassName=ELC00xx Member=DS7
Removed Member From Class: ClassName=ELC00xx Member=DS8
Removed Member From Class: ClassName=ELC00xx Member=DS9
Removed Member From Class: ClassName=ELC00xx Member=DS10
Removed Member From Class: ClassName=ELC00xx Member=DS11
Removed Member From Class: ClassName=ELC00xx Member=DS12
Removed Member From Class: ClassName=ELC00xx Member=DS13
Removed Member From Class: ClassName=ELC00xx Member=DS14
Removed Member From Class: ClassName=ELC00xx Member=DS15
Removed Member From Class: ClassName=ELC00xx Member=DS16
Removed Member From Class: ClassName=ELC00xx Member=DS17
Removed Member From Class: ClassName=ELC00xx Member=DS18
Removed Member From Class: ClassName=ELC00xx Member=DS19
Removed Member From Class: ClassName=ELC00xx Member=DS20
Removed Member From Class: ClassName=ELC00xx Member=DS21
Removed Member From Class: ClassName=ELC00xx Member=DS22
Removed Member From Class: ClassName=ELC00xx Member=DS23
Removed Member From Class: ClassName=ELC00xx Member=DS24
Removed Member From Class: ClassName=ELC00xx Member=DS25
Removed Member From Class: ClassName=ELC00xx Member=DS26
Removed Member From Class: ClassName=ELC00xx Member=DS27
Removed Member From Class: ClassName=ELC00xx Member=DS28
Removed Member From Class: ClassName=ELC00xx Member=DS29
Removed Member From Class: ClassName=ELC00xx Member=DS30
Removed Member From Class: ClassName=ELC00xx Member=DS31
Removed Member From Class: ClassName=ELC00xx Member=DS32
Removed Member From Class: ClassName=ELC00xx Member=DS33
Removed Member From Class: ClassName=ELC00xx Member=DS34
Removed Member From Class: ClassName=ELC00xx Member=DS35
Removed Member From Class: ClassName=ELC00xx Member=DS36
Removed Member From Class: ClassName=ELC00xx Member=DS37
Removed Member From Class: ClassName=ELC00xx Member=DS38
Removed Member From Class: ClassName=ELC00xx Member=DS39
Removed Member From Class: ClassName=ELC00xx Member=DS40
Removed Member From Class: ClassName=ELC00xx Member=DS41
Removed Member From Class: ClassName=ELC00xx Member=DS42
Removed Member From Class: ClassName=ELC00xx Member=DS43
Removed Member From Class: ClassName=ELC00xx Member=DS44
Removed Member From Class: ClassName=ELC00xx Member=DS45
Removed Member From Class: ClassName=ELC00xx Member=DS46
Removed Member From Class: ClassName=ELC00xx Member=DS47
Removed Member From Class: ClassName=ELC00xx Member=DS48
Removed Member From Class: ClassName=ELC00xx Member=DS49
Removed Member From Class: ClassName=ELC00xx Member=DS50
Removed Member From Class: ClassName=ELC00xx Member=FID1
Removed Member From Class: ClassName=ELC00xx Member=FID2
Removed Member From Class: ClassName=ELC00xx Member=FID3
Removed Member From Class: ClassName=ELC00xx Member=FID4
Removed Member From Class: ClassName=ELC00xx Member=FID5
Removed Member From Class: ClassName=ELC00xx Member=FID6
Removed Member From Class: ClassName=ELC00xx Member=FID7
Removed Member From Class: ClassName=ELC00xx Member=FID8
Removed Member From Class: ClassName=ELC00xx Member=J1
Removed Member From Class: ClassName=ELC00xx Member=J2
Removed Member From Class: ClassName=ELC00xx Member=J5
Removed Member From Class: ClassName=ELC00xx Member=J6
Removed Member From Class: ClassName=ELC00xx Member=J9
Removed Member From Class: ClassName=ELC00xx Member=J9
Removed Member From Class: ClassName=ELC00xx Member=J9
Removed Member From Class: ClassName=ELC00xx Member=J10
Removed Member From Class: ClassName=ELC00xx Member=J10
Removed Member From Class: ClassName=ELC00xx Member=J11
Removed Member From Class: ClassName=ELC00xx Member=J12
Removed Member From Class: ClassName=ELC00xx Member=J12
Removed Member From Class: ClassName=ELC00xx Member=JP1
Removed Member From Class: ClassName=ELC00xx Member=JP2
Removed Member From Class: ClassName=ELC00xx Member=JP3
Removed Member From Class: ClassName=ELC00xx Member=JP4
Removed Member From Class: ClassName=ELC00xx Member=L1
Removed Member From Class: ClassName=ELC00xx Member=L1
Removed Member From Class: ClassName=ELC00xx Member=L2
Removed Member From Class: ClassName=ELC00xx Member=M1
Removed Member From Class: ClassName=ELC00xx Member=M2
Removed Member From Class: ClassName=ELC00xx Member=M3
Removed Member From Class: ClassName=ELC00xx Member=M4
Removed Member From Class: ClassName=ELC00xx Member=M5
Removed Member From Class: ClassName=ELC00xx Member=M6
Removed Member From Class: ClassName=ELC00xx Member=M7
Removed Member From Class: ClassName=ELC00xx Member=M8
Removed Member From Class: ClassName=ELC00xx Member=M9
Removed Member From Class: ClassName=ELC00xx Member=Q1
Removed Member From Class: ClassName=ELC00xx Member=Q2
Removed Member From Class: ClassName=ELC00xx Member=Q2
Removed Member From Class: ClassName=ELC00xx Member=Q2
Removed Member From Class: ClassName=ELC00xx Member=Q2
Removed Member From Class: ClassName=ELC00xx Member=Q2
Removed Member From Class: ClassName=ELC00xx Member=Q2
Removed Member From Class: ClassName=ELC00xx Member=R1
Removed Member From Class: ClassName=ELC00xx Member=R2
Removed Member From Class: ClassName=ELC00xx Member=R3
Removed Member From Class: ClassName=ELC00xx Member=R6
Removed Member From Class: ClassName=ELC00xx Member=R7
Removed Member From Class: ClassName=ELC00xx Member=R9
Removed Member From Class: ClassName=ELC00xx Member=R10
Removed Member From Class: ClassName=ELC00xx Member=R11
Removed Member From Class: ClassName=ELC00xx Member=R12
Removed Member From Class: ClassName=ELC00xx Member=R13
Removed Member From Class: ClassName=ELC00xx Member=R14
Removed Member From Class: ClassName=ELC00xx Member=R15
Removed Member From Class: ClassName=ELC00xx Member=R16
Removed Member From Class: ClassName=ELC00xx Member=R17
Removed Member From Class: ClassName=ELC00xx Member=R18
Removed Member From Class: ClassName=ELC00xx Member=R19
Removed Member From Class: ClassName=ELC00xx Member=R20
Removed Member From Class: ClassName=ELC00xx Member=R21
Removed Member From Class: ClassName=ELC00xx Member=R23
Removed Member From Class: ClassName=ELC00xx Member=R24
Removed Member From Class: ClassName=ELC00xx Member=R25
Removed Member From Class: ClassName=ELC00xx Member=R26
Removed Member From Class: ClassName=ELC00xx Member=R27
Removed Member From Class: ClassName=ELC00xx Member=R28
Removed Member From Class: ClassName=ELC00xx Member=R40
Removed Member From Class: ClassName=ELC00xx Member=R46
Removed Member From Class: ClassName=ELC00xx Member=R47
Removed Member From Class: ClassName=ELC00xx Member=R48
Removed Member From Class: ClassName=ELC00xx Member=R49
Removed Member From Class: ClassName=ELC00xx Member=R50
Removed Member From Class: ClassName=ELC00xx Member=R51
Removed Member From Class: ClassName=ELC00xx Member=R52
Removed Member From Class: ClassName=ELC00xx Member=R53
Removed Member From Class: ClassName=ELC00xx Member=R54
Removed Member From Class: ClassName=ELC00xx Member=R55
Removed Member From Class: ClassName=ELC00xx Member=R56
Removed Member From Class: ClassName=ELC00xx Member=R57
Removed Member From Class: ClassName=ELC00xx Member=R58
Removed Member From Class: ClassName=ELC00xx Member=R59
Removed Member From Class: ClassName=ELC00xx Member=R60
Removed Member From Class: ClassName=ELC00xx Member=R61
Removed Member From Class: ClassName=ELC00xx Member=R62
Removed Member From Class: ClassName=ELC00xx Member=R63
Removed Member From Class: ClassName=ELC00xx Member=R64
Removed Member From Class: ClassName=ELC00xx Member=R65
Removed Member From Class: ClassName=ELC00xx Member=R66
Removed Member From Class: ClassName=ELC00xx Member=R67
Removed Member From Class: ClassName=ELC00xx Member=R68
Removed Member From Class: ClassName=ELC00xx Member=R69
Removed Member From Class: ClassName=ELC00xx Member=R88
Removed Member From Class: ClassName=ELC00xx Member=R89
Removed Member From Class: ClassName=ELC00xx Member=R90
Removed Member From Class: ClassName=ELC00xx Member=R91
Removed Member From Class: ClassName=ELC00xx Member=R92
Removed Member From Class: ClassName=ELC00xx Member=R93
Removed Member From Class: ClassName=ELC00xx Member=R94
Removed Member From Class: ClassName=ELC00xx Member=R95
Removed Member From Class: ClassName=ELC00xx Member=R96
Removed Member From Class: ClassName=ELC00xx Member=R97
Removed Member From Class: ClassName=ELC00xx Member=R98
Removed Member From Class: ClassName=ELC00xx Member=R99
Removed Member From Class: ClassName=ELC00xx Member=R100
Removed Member From Class: ClassName=ELC00xx Member=R101
Removed Member From Class: ClassName=ELC00xx Member=R102
Removed Member From Class: ClassName=ELC00xx Member=R103
Removed Member From Class: ClassName=ELC00xx Member=R104
Removed Member From Class: ClassName=ELC00xx Member=R105
Removed Member From Class: ClassName=ELC00xx Member=R106
Removed Member From Class: ClassName=ELC00xx Member=R107
Removed Member From Class: ClassName=ELC00xx Member=R108
Removed Member From Class: ClassName=ELC00xx Member=R109
Removed Member From Class: ClassName=ELC00xx Member=R110
Removed Member From Class: ClassName=ELC00xx Member=R111
Removed Member From Class: ClassName=ELC00xx Member=R128
Removed Member From Class: ClassName=ELC00xx Member=R129
Removed Member From Class: ClassName=ELC00xx Member=R130
Removed Member From Class: ClassName=ELC00xx Member=U1
Removed Member From Class: ClassName=ELC00xx Member=U1
Removed Member From Class: ClassName=ELC00xx Member=U1
Removed Member From Class: ClassName=ELC00xx Member=U4
Removed Member From Class: ClassName=ELC00xx Member=U4
Removed Member From Class: ClassName=ELC00xx Member=U4
Removed Member From Class: ClassName=ELC00xx Member=U5
Removed Member From Class: ClassName=ELC00xx Member=U6
Removed Member From Class: ClassName=ELC00xx Member=U6
Removed Member From Class: ClassName=ELC00xx Member=U8
Removed Member From Class: ClassName=ELC00xx Member=U8
Removed Member From Class: ClassName=ELC00xx Member=U8
Removed Member From Class: ClassName=ELC00xx Member=U9
Removed Member From Class: ClassName=ELC00xx Member=U9
Removed Member From Class: ClassName=ELC00xx Member=U9
Removed Member From Class: ClassName=ELC00xx Member=U10
Removed Member From Class: ClassName=ELC00xx Member=U10
Removed Member From Class: ClassName=ELC00xx Member=U11
Added Pin To Net: NetName=NetC13_1 Pin=C13-1
Added Pin To Net: NetName=NetC13_1 Pin=U7-1
Added Net: Name=NetC13_1
Added Pin To Net: NetName=NetU16_25 Pin=U16-25
Added Net: Name=NetU16_25
Added Pin To Net: NetName=NetU16_26 Pin=U16-26
Added Net: Name=NetU16_26
Change Class Name : Old Net Name=ELC00xx New Net Name=NEOS_CAN
Added Room: Name=NEOS_CAN
