Added Component: Designator=C1(C0603)
Added Component: Designator=C3(C0603)
Added Component: Designator=C4(C0603)
Added Component: Designator=C8(C0603)
Added Component: Designator=C9(C0603)
Added Component: Designator=C10(C0603)
Added Component: Designator=C11(C0603)
Added Component: Designator=C17(C0603)
Added Component: Designator=C23(C0603)
Added Component: Designator=C25(C0603)
Added Component: Designator=C27(C0603)
Added Component: Designator=C28(C0603)
Added Component: Designator=C32(C0603)
Added Component: Designator=C33(C0603)
Added Component: Designator=C34(C0603)
Added Component: Designator=C37(C0603)
Added Component: Designator=C42(C0603)
Added Component: Designator=C44(C0603)
Added Component: Designator=C47(C0603)
Added Component: Designator=C50(C0603)
Added Component: Designator=C51(C0603)
Added Component: Designator=C52(C0603)
Added Component: Designator=C53(C0603)
Added Component: Designator=C54(C0603)
Added Component: Designator=C55(C0603)
Added Pin To Net: NetName=GND Pin=C1-1
Added Pin To Net: NetName=NetC5_1 Pin=C1-2
Added Pin To Net: NetName=GND Pin=C3-1
Added Pin To Net: NetName=NetC5_1 Pin=C3-2
Added Pin To Net: NetName=GND Pin=C4-1
Added Pin To Net: NetName=VCC Pin=C4-2
Added Pin To Net: NetName=VCC Pin=C8-1
Added Pin To Net: NetName=GND Pin=C8-2
Added Pin To Net: NetName=VCC Pin=C9-1
Added Pin To Net: NetName=GND Pin=C9-2
Added Pin To Net: NetName=GND Pin=C10-1
Added Pin To Net: NetName=VCC Pin=C10-2
Added Pin To Net: NetName=GND Pin=C11-1
Added Pin To Net: NetName=VCC Pin=C11-2
Added Pin To Net: NetName=GND Pin=C17-1
Added Pin To Net: NetName=VAMP Pin=C17-2
Added Pin To Net: NetName=GND Pin=C23-1
Added Pin To Net: NetName=VAMP Pin=C23-2
Added Pin To Net: NetName=GND Pin=C25-1
Added Pin To Net: NetName=VAMP Pin=C25-2
Added Pin To Net: NetName=NetU14_8 Pin=C27-1
Added Pin To Net: NetName=NetC49_1 Pin=C27-2
Added Pin To Net: NetName=GND Pin=C28-1
Added Pin To Net: NetName=VAMP Pin=C28-2
Added Pin To Net: NetName=GND Pin=C32-1
Added Pin To Net: NetName=VCC Pin=C32-2
Added Pin To Net: NetName=NetC6_1 Pin=C33-1
Added Pin To Net: NetName=GND Pin=C33-2
Added Pin To Net: NetName=VCC Pin=C34-1
Added Pin To Net: NetName=GND Pin=C34-2
Added Pin To Net: NetName=GND Pin=C37-1
Added Pin To Net: NetName=NetR15_1 Pin=C37-2
Added Pin To Net: NetName=VREG Pin=C42-1
Added Pin To Net: NetName=GND Pin=C42-2
Added Pin To Net: NetName=GND Pin=C47-1
Added Pin To Net: NetName=VCC Pin=C47-2
Added Pin To Net: NetName=GND Pin=C50-1
Added Pin To Net: NetName=NetR24_1 Pin=C50-2
Added Pin To Net: NetName=GND Pin=C51-1
Added Pin To Net: NetName=VCC Pin=C51-2
Added Pin To Net: NetName=GND Pin=C52-1
Added Pin To Net: NetName=VCC Pin=C52-2
Added Pin To Net: NetName=GND Pin=C53-1
Added Pin To Net: NetName=VCC Pin=C53-2
Added Pin To Net: NetName=GND Pin=C54-1
Added Pin To Net: NetName=VCC Pin=C54-2
Added Pin To Net: NetName=GND Pin=C55-1
Added Pin To Net: NetName=VCC Pin=C55-2
Change Net Name : Old Net Name=NetC5_1 New Net Name=NetC1_2
Change Net Name : Old Net Name=NetC49_1 New Net Name=NetC27_2
Change Net Name : Old Net Name=NetR15_1 New Net Name=NetC37_2
Change Net Name : Old Net Name=NetR24_1 New Net Name=NetC50_2
Change Net Name : Old Net Name=NetU14_8 New Net Name=NetC27_1
