Removed Pin From Net: NetName=NetC24_1 Pin=C25-1
Change Component Footprint: Designator=C25 Old Footprint=R1206 New Footprint=C0805
Change Component Comment : Designator=C25 Old Comment=.33uF 25V New Comment=.1uF 50V
Added Component: Designator=C27(C0805)
Added Component: Designator=C28(C0805)
Added Component: Designator=C32(C0805)
Added Component: Designator=C36(C0805)
Added Component: Designator=C38(C0805)
Added Component: Designator=C39(C0805)
Added Component: Designator=C40(C0805)
Added Component: Designator=C41(C0805)
Added Component: Designator=C43(C0805)
Added Component: Designator=C44(C0805)
Added Component: Designator=D6(SMA)
Added Component: Designator=Q3(SOT95P245X145-3L)
Added Component: Designator=R13(R0805)
Added Component: Designator=R15(R0805)
Added Component: Designator=R16(R0805)
Added Component: Designator=R31(R0805)
Added Component: Designator=R32(R0805)
Added Component: Designator=R33(R0805)
Added Component: Designator=R34(R0805)
Added Component: Designator=R35(R0805)
Added Component: Designator=U10(S-PQFP-G32)
Added Component: Designator=U14(SOT95P245X110-*L)
Added Component: Designator=U15(SOT95P245X145-5L)
Added Component: Designator=U17(TSOC6)
Added Pin To Net: NetName=GND Pin=C25-2
Added Pin To Net: NetName=GND Pin=C27-2
Added Pin To Net: NetName=GND Pin=C28-2
Added Pin To Net: NetName=GND Pin=C32-2
Added Pin To Net: NetName=GND Pin=C36-1
Added Pin To Net: NetName=GND Pin=C39-2
Added Pin To Net: NetName=GND Pin=C43-1
Added Pin To Net: NetName=GND Pin=C44-2
Added Pin To Net: NetName=NetD1_A Pin=D6-A
Added Pin To Net: NetName=GND Pin=Q3-2
Added Pin To Net: NetName=VCC Pin=R15-2
Added Pin To Net: NetName=GND Pin=R31-2
Added Pin To Net: NetName=GND Pin=R32-1
Added Pin To Net: NetName=GND Pin=R33-1
Added Pin To Net: NetName=GND Pin=R34-1
Added Pin To Net: NetName=VCC Pin=R35-1
Added Pin To Net: NetName=GND Pin=U10-3
Added Pin To Net: NetName=GND Pin=U10-4
Added Pin To Net: NetName=GND Pin=U10-5
Added Pin To Net: NetName=GND Pin=U10-6
Added Pin To Net: NetName=GND Pin=U10-12
Added Pin To Net: NetName=GND Pin=U10-16
Added Pin To Net: NetName=GND Pin=U10-17
Added Pin To Net: NetName=GND Pin=U10-24
Added Pin To Net: NetName=GND Pin=U10-25
Added Pin To Net: NetName=GND Pin=U10-PP1
Added Pin To Net: NetName=GND Pin=U14-2
Added Pin To Net: NetName=VCC Pin=U14-6
Added Pin To Net: NetName=NetC24_1 Pin=U14-8
Added Pin To Net: NetName=GND Pin=U15-2
Added Pin To Net: NetName=VCC Pin=U15-5
Change Net Name : Old Net Name=NetD1_A New Net Name=VBUS
Added Pin To Net: NetName=NetC36_2 Pin=C36-2
Added Pin To Net: NetName=NetC36_2 Pin=U10-13
Added Net: Name=NetC36_2
Added Pin To Net: NetName=NetC38_1 Pin=C38-1
Added Pin To Net: NetName=NetC38_1 Pin=U10-23
Added Net: Name=NetC38_1
Added Pin To Net: NetName=NetC38_2 Pin=C38-2
Added Pin To Net: NetName=NetC38_2 Pin=J9-1
Added Pin To Net: NetName=NetC38_2 Pin=U10-21
Added Pin To Net: NetName=NetC38_2 Pin=U10-22
Added Net: Name=NetC38_2
Added Pin To Net: NetName=NetC39_1 Pin=C39-1
Added Pin To Net: NetName=NetC39_1 Pin=U10-2
Added Net: Name=NetC39_1
Added Pin To Net: NetName=NetC40_1 Pin=C40-1
Added Pin To Net: NetName=NetC40_1 Pin=U10-1
Added Net: Name=NetC40_1
Added Pin To Net: NetName=NetC40_2 Pin=C40-2
Added Pin To Net: NetName=NetC40_2 Pin=U14-7
Added Net: Name=NetC40_2
Added Pin To Net: NetName=NetC41_1 Pin=C41-1
Added Pin To Net: NetName=NetC41_1 Pin=U10-18
Added Net: Name=NetC41_1
Added Pin To Net: NetName=NetC41_2 Pin=C41-2
Added Pin To Net: NetName=NetC41_2 Pin=J10-1
Added Pin To Net: NetName=NetC41_2 Pin=U10-19
Added Pin To Net: NetName=NetC41_2 Pin=U10-20
Added Net: Name=NetC41_2
Added Pin To Net: NetName=NetC43_2 Pin=C43-2
Added Pin To Net: NetName=NetC43_2 Pin=U10-11
Added Net: Name=NetC43_2
Added Pin To Net: NetName=NetQ3_1 Pin=Q3-1
Added Pin To Net: NetName=NetQ3_1 Pin=R34-2
Added Pin To Net: NetName=NetQ3_1 Pin=U2-46
Added Pin To Net: NetName=NetQ3_1 Pin=U13-1
Added Net: Name=NetQ3_1
Added Pin To Net: NetName=NetQ3_3 Pin=Q3-3
Added Pin To Net: NetName=NetQ3_3 Pin=R16-1
Added Pin To Net: NetName=NetQ3_3 Pin=U10-29
Added Net: Name=NetQ3_3
Added Pin To Net: NetName=NetR13_1 Pin=R13-1
Added Pin To Net: NetName=NetR13_1 Pin=U10-7
Added Net: Name=NetR13_1
Added Pin To Net: NetName=NetR15_1 Pin=R15-1
Added Pin To Net: NetName=NetR15_1 Pin=R32-2
Added Pin To Net: NetName=NetR15_1 Pin=U15-3
Added Net: Name=NetR15_1
Added Pin To Net: NetName=NetR31_1 Pin=R31-1
Added Pin To Net: NetName=NetR31_1 Pin=U10-30
Added Net: Name=NetR31_1
Added Pin To Net: NetName=NetR33_2 Pin=R33-2
Added Pin To Net: NetName=NetR33_2 Pin=U10-9
Added Net: Name=NetR33_2
Added Pin To Net: NetName=NetR35_2 Pin=R35-2
Added Pin To Net: NetName=NetR35_2 Pin=U17-2
Added Net: Name=NetR35_2
Added Pin To Net: NetName=NetU2_62 Pin=U2-62
Added Pin To Net: NetName=NetU2_62 Pin=U14-3
Added Net: Name=NetU2_62
Added Pin To Net: NetName=NetU2_63 Pin=U2-63
Added Pin To Net: NetName=NetU2_63 Pin=U14-4
Added Net: Name=NetU2_63
Added Pin To Net: NetName=NetU2_66 Pin=U2-66
Added Pin To Net: NetName=NetU2_66 Pin=U14-5
Added Net: Name=NetU2_66
Added Pin To Net: NetName=NetU2_67 Pin=U2-67
Added Pin To Net: NetName=NetU2_67 Pin=U17-1
Added Net: Name=NetU2_67
Added Pin To Net: NetName=NetU14_1 Pin=U14-1
Added Pin To Net: NetName=NetU14_1 Pin=U15-1
Added Pin To Net: NetName=NetU14_1 Pin=U15-4
Added Net: Name=NetU14_1
Added Pin To Net: NetName=VAMP Pin=C25-1
Added Pin To Net: NetName=VAMP Pin=C27-1
Added Pin To Net: NetName=VAMP Pin=C28-1
Added Pin To Net: NetName=VAMP Pin=C32-1
Added Pin To Net: NetName=VAMP Pin=D6-C
Added Pin To Net: NetName=VAMP Pin=R16-2
Added Pin To Net: NetName=VAMP Pin=U10-14
Added Pin To Net: NetName=VAMP Pin=U10-15
Added Pin To Net: NetName=VAMP Pin=U10-26
Added Pin To Net: NetName=VAMP Pin=U10-27
Added Pin To Net: NetName=VAMP Pin=U10-28
Added Pin To Net: NetName=VAMP Pin=U10-32
Added Net: Name=VAMP
Added Pin To Net: NetName=VREG Pin=C44-1
Added Pin To Net: NetName=VREG Pin=R13-2
Added Pin To Net: NetName=VREG Pin=U10-10
Added Net: Name=VREG
