Removed Pin From Net: NetName=GND Pin=R11-1
Change Component Footprint: Designator=C15 Old Footprint=R1206 New Footprint=C1206
Change Component Footprint: Designator=C24 Old Footprint=R1206 New Footprint=C1206
Change Component Comment : Designator=C24 Old Comment=1uF 25V New Comment=CAP CER 10UF 25V X5R 1206
Change Component Comment : Designator=C15 Old Comment=1uF 25V New Comment=CAP CER 10UF 25V X5R 1206
Added Component: Designator=C29(C1206)
Added Component: Designator=C35(C1206)
Added Component: Designator=C45(C1206)
Added Component: Designator=C46(C1206)
Added Pin To Net: NetName=GND Pin=C15-1
Added Pin To Net: NetName=VAMP Pin=C15-2
Added Pin To Net: NetName=GND Pin=C24-1
Added Pin To Net: NetName=GND Pin=C29-1
Added Pin To Net: NetName=VAMP Pin=C29-2
Added Pin To Net: NetName=GND Pin=C35-1
Added Pin To Net: NetName=VAMP Pin=C35-2
Added Pin To Net: NetName=GND Pin=C45-1
Added Pin To Net: NetName=VAMP Pin=C45-2
Added Pin To Net: NetName=GND Pin=C46-1
Added Pin To Net: NetName=VAMP Pin=C46-2
Removed Pin From Net: NetName=GND Pin=C24-2
Added Pin To Net: NetName=VAMP Pin=C24-2
